{
  "stats": {
    "suites": 1,
    "tests": 1,
    "passes": 1,
    "pending": 0,
    "failures": 0,
    "start": "2025-06-03T03:47:11.436Z",
    "end": "2025-06-03T03:48:06.422Z",
    "duration": 54986,
    "testsRegistered": 1,
    "passPercent": 100,
    "pendingPercent": 0,
    "other": 0,
    "hasOther": false,
    "skipped": 0,
    "hasSkipped": false
  },
  "results": [
    {
      "uuid": "5a882ab1-704d-4636-9a23-a74fb9c54408",
      "title": "",
      "fullFile": "cypress\\e2e\\logicaejecución.cy.js",
      "file": "cypress\\e2e\\logicaejecución.cy.js",
      "beforeHooks": [],
      "afterHooks": [],
      "tests": [],
      "suites": [
        {
          "uuid": "274484a5-cb77-446d-b218-1b09e5a24d3a",
          "title": "Compra de un producto en DEMOBLAZE",
          "fullFile": "",
          "file": "",
          "beforeHooks": [],
          "afterHooks": [],
          "tests": [
            {
              "title": "Debe buscar un producto, agregarlo al carrito y verificarlo",
              "fullTitle": "Compra de un producto en DEMOBLAZE Debe buscar un producto, agregarlo al carrito y verificarlo",
              "timedOut": null,
              "duration": 53392,
              "state": "passed",
              "speed": "slow",
              "pass": true,
              "fail": false,
              "pending": false,
              "context": null,
              "code": "cy.visit(\"https://www.demoblaze.com/\");\n//Funcion para agregar un producto al carrito\nconst agregarProductocarrito = (cagoriaIndex, productoIndex, resultadoEsperadoProducto) => {\n  //Seleccionamos una categoria de producto\n  cy.xpath((0, _definicionSelectores.categoria)(cagoriaIndex)).click().wait(3000);\n  //Seleccionamos un producto de la categoria\n  cy.xpath((0, _definicionSelectores.producto)(productoIndex)).click().wait(3000);\n  //Agregamos el producto al carrito\n  cy.xpath(_definicionSelectores.BotonAgregarProducto).should(\"exist\").click().wait(3000);\n  //Pasamos la alerta\n  cy.on(\"window:alert\", str => {\n    expect(str).to.equal(\"Product added\");\n  });\n  //Vemos que el carrito muestra el producto agrega\n  cy.xpath(_definicionSelectores.CarritoPorduto).click().wait(2000);\n  //Volvemos al inicio para agregar otro producto\n  cy.xpath(_definicionSelectores.Home).click();\n};\n//Agregamos el primer producto\nagregarProductocarrito(1, 2, \"Samsung galaxy s6\");\n//Agregamos el segundo producto\nagregarProductocarrito(4, 2, \"ASUS Full HD\");\n//Realizamos el Pago\ncy.xpath(_definicionSelectores.CarritoPorduto).click();\ncy.xpath(_definicionSelectores.PagarOrden).click();\n//Completar el formulario de la compra.\ncy.get(\"#name\").type(\"Juan{enter}\").wait(3000);\ncy.get(\"#country\").type(\"Ecuador{enter}\").wait(3000);\ncy.get(\"#city\").type(\"Quito{enter}\").wait(3000);\ncy.get(\"#card\").type(\"1234567890124552{enter}\").wait(3000);\ncy.get(\"#month\").type(\"Mayo{enter}\").wait(3000);\ncy.get(\"#year\").type(\"2025{enter}\").wait(3000);\n//Finalizar la compra\ncy.xpath('//*[@id=\"orderModal\"]/div/div/div[3]/button[2]').click().wait(3000);\ncy.xpath(\"/html/body/div[10]/div[7]/div/button\").click();",
              "err": {},
              "uuid": "71149b41-8e85-4386-9afd-5ee2ceed2052",
              "parentUUID": "274484a5-cb77-446d-b218-1b09e5a24d3a",
              "isHook": false,
              "skipped": false
            }
          ],
          "suites": [],
          "passes": [
            "71149b41-8e85-4386-9afd-5ee2ceed2052"
          ],
          "failures": [],
          "pending": [],
          "skipped": [],
          "duration": 53392,
          "root": false,
          "rootEmpty": false,
          "_timeout": 2000
        }
      ],
      "passes": [],
      "failures": [],
      "pending": [],
      "skipped": [],
      "duration": 0,
      "root": true,
      "rootEmpty": true,
      "_timeout": 2000
    }
  ],
  "meta": {
    "mocha": {
      "version": "7.0.1"
    },
    "mochawesome": {
      "options": {
        "quiet": false,
        "reportFilename": "mochawesome",
        "saveHtml": true,
        "saveJson": true,
        "consoleReporter": "spec",
        "useInlineDiffs": false,
        "code": true
      },
      "version": "7.1.3"
    },
    "marge": {
      "options": {
        "reportDir": "cypress/reports",
        "overwrite": false,
        "html": true,
        "json": true,
        "timestamp": "mmddyyyy_HHMMss"
      },
      "version": "6.2.0"
    }
  }
}